<?xml version="1.0" encoding="UTF-8"?>
<coverage generated="1767976969557" clover="3.2.0">
  <project timestamp="1767976969557" name="All files">
    <metrics statements="27" coveredstatements="27" conditionals="2" coveredconditionals="1" methods="4" coveredmethods="3" elements="33" coveredelements="31" complexity="0" loc="27" ncloc="27" packages="1" files="2" classes="2"/>
    <file name="test-env.ts" path="C:\dev\donna\test\utils\test-env.ts">
      <metrics statements="2" coveredstatements="2" conditionals="0" coveredconditionals="0" methods="0" coveredmethods="0"/>
      <line num="1" count="18" type="stmt"/>
      <line num="2" count="18" type="stmt"/>
    </file>
    <file name="test-setup.ts" path="C:\dev\donna\test\utils\test-setup.ts">
      <metrics statements="25" coveredstatements="25" conditionals="2" coveredconditionals="1" methods="4" coveredmethods="3"/>
      <line num="2" count="18" type="stmt"/>
      <line num="3" count="18" type="stmt"/>
      <line num="4" count="18" type="stmt"/>
      <line num="5" count="18" type="stmt"/>
      <line num="6" count="18" type="stmt"/>
      <line num="7" count="18" type="stmt"/>
      <line num="8" count="18" type="stmt"/>
      <line num="11" count="18" type="stmt"/>
      <line num="16" count="18" type="stmt"/>
      <line num="21" count="18" type="stmt"/>
      <line num="22" count="18" type="stmt"/>
      <line num="23" count="18" type="stmt"/>
      <line num="29" count="18" type="stmt"/>
      <line num="30" count="18" type="stmt"/>
      <line num="34" count="18" type="stmt"/>
      <line num="37" count="18" type="stmt"/>
      <line num="46" count="18" type="stmt"/>
      <line num="48" count="18" type="stmt"/>
      <line num="49" count="18" type="stmt"/>
      <line num="51" count="18" type="stmt"/>
      <line num="52" count="18" type="stmt"/>
      <line num="54" count="18" type="stmt"/>
      <line num="60" count="18" type="stmt"/>
      <line num="61" count="18" type="cond" truecount="1" falsecount="1"/>
      <line num="62" count="18" type="stmt"/>
    </file>
  </project>
</coverage>
