{"C:\\dev\\donna\\test\\utils\\test-env.ts": {"path":"C:\\dev\\donna\\test\\utils\\test-env.ts","statementMap":{"0":{"start":{"line":1,"column":0},"end":{"line":1,"column":33}},"1":{"start":{"line":2,"column":0},"end":{"line":2,"column":16}}},"fnMap":{},"branchMap":{},"s":{"0":18,"1":18},"f":{},"b":{}}
,"C:\\dev\\donna\\test\\utils\\test-setup.ts": {"path":"C:\\dev\\donna\\test\\utils\\test-setup.ts","statementMap":{"0":{"start":{"line":2,"column":0},"end":{"line":2,"column":20}},"1":{"start":{"line":3,"column":0},"end":{"line":3,"column":66}},"2":{"start":{"line":4,"column":0},"end":{"line":4,"column":39}},"3":{"start":{"line":5,"column":0},"end":{"line":5,"column":33}},"4":{"start":{"line":6,"column":0},"end":{"line":6,"column":46}},"5":{"start":{"line":7,"column":0},"end":{"line":7,"column":49}},"6":{"start":{"line":8,"column":0},"end":{"line":8,"column":84}},"7":{"start":{"line":11,"column":15},"end":{"line":11,"column":33}},"8":{"start":{"line":16,"column":22},"end":{"line":16,"column":31}},"9":{"start":{"line":16,"column":28},"end":{"line":16,"column":31}},"10":{"start":{"line":16,"column":13},"end":{"line":16,"column":22}},"11":{"start":{"line":21,"column":29},"end":{"line":24,"column":1}},"12":{"start":{"line":22,"column":2},"end":{"line":22,"column":33}},"13":{"start":{"line":23,"column":2},"end":{"line":23,"column":33}},"14":{"start":{"line":21,"column":13},"end":{"line":21,"column":29}},"15":{"start":{"line":29,"column":28},"end":{"line":55,"column":1}},"16":{"start":{"line":30,"column":20},"end":{"line":32,"column":14}},"17":{"start":{"line":34,"column":2},"end":{"line":34,"column":42}},"18":{"start":{"line":37,"column":2},"end":{"line":43,"column":4}},"19":{"start":{"line":46,"column":2},"end":{"line":46,"column":50}},"20":{"start":{"line":48,"column":2},"end":{"line":48,"column":19}},"21":{"start":{"line":49,"column":2},"end":{"line":49,"column":22}},"22":{"start":{"line":51,"column":14},"end":{"line":51,"column":32}},"23":{"start":{"line":52,"column":2},"end":{"line":52,"column":26}},"24":{"start":{"line":54,"column":2},"end":{"line":54,"column":13}},"25":{"start":{"line":29,"column":13},"end":{"line":29,"column":28}},"26":{"start":{"line":60,"column":28},"end":{"line":64,"column":1}},"27":{"start":{"line":61,"column":2},"end":{"line":63,"column":3}},"28":{"start":{"line":62,"column":4},"end":{"line":62,"column":22}},"29":{"start":{"line":60,"column":13},"end":{"line":60,"column":28}}},"fnMap":{"0":{"name":"(anonymous_0)","decl":{"start":{"line":16,"column":22},"end":{"line":16,"column":25}},"loc":{"start":{"line":16,"column":28},"end":{"line":16,"column":31}}},"1":{"name":"(anonymous_1)","decl":{"start":{"line":21,"column":29},"end":{"line":21,"column":34}},"loc":{"start":{"line":21,"column":40},"end":{"line":24,"column":1}}},"2":{"name":"(anonymous_2)","decl":{"start":{"line":29,"column":28},"end":{"line":29,"column":33}},"loc":{"start":{"line":29,"column":39},"end":{"line":55,"column":1}}},"3":{"name":"(anonymous_3)","decl":{"start":{"line":60,"column":28},"end":{"line":60,"column":33}},"loc":{"start":{"line":60,"column":39},"end":{"line":64,"column":1}}}},"branchMap":{"0":{"loc":{"start":{"line":61,"column":2},"end":{"line":63,"column":3}},"type":"if","locations":[{"start":{"line":61,"column":2},"end":{"line":63,"column":3}},{"start":{},"end":{}}]}},"s":{"0":18,"1":18,"2":18,"3":18,"4":18,"5":18,"6":18,"7":18,"8":18,"9":0,"10":18,"11":18,"12":18,"13":18,"14":18,"15":18,"16":18,"17":18,"18":18,"19":18,"20":18,"21":18,"22":18,"23":18,"24":18,"25":18,"26":18,"27":18,"28":18,"29":18},"f":{"0":0,"1":18,"2":18,"3":18},"b":{"0":[18,0]}}
}
