TN:
SF:test\utils\test-env.ts
FNF:0
FNH:0
DA:1,18
DA:2,18
LF:2
LH:2
BRF:0
BRH:0
end_of_record
TN:
SF:test\utils\test-setup.ts
FN:16,(anonymous_0)
FN:21,(anonymous_1)
FN:29,(anonymous_2)
FN:60,(anonymous_3)
FNF:4
FNH:3
FNDA:0,(anonymous_0)
FNDA:18,(anonymous_1)
FNDA:18,(anonymous_2)
FNDA:18,(anonymous_3)
DA:2,18
DA:3,18
DA:4,18
DA:5,18
DA:6,18
DA:7,18
DA:8,18
DA:11,18
DA:16,18
DA:21,18
DA:22,18
DA:23,18
DA:29,18
DA:30,18
DA:34,18
DA:37,18
DA:46,18
DA:48,18
DA:49,18
DA:51,18
DA:52,18
DA:54,18
DA:60,18
DA:61,18
DA:62,18
LF:25
LH:25
BRDA:61,0,0,18
BRDA:61,0,1,0
BRF:2
BRH:1
end_of_record
